▲ Next.js 16.2.6 (Turbopack)
- Environments: .env

⚠ The "middleware" file convention is deprecated. Please use "proxy" instead. Learn more: https://nextjs.org/docs/messages/middleware-to-proxy
  Creating an optimized production build ...

> Build error occurred
Error: Turbopack build failed with 1 errors:
./lib/db.ts:1:1
Module not found: Can't resolve '@/lib/generated/prisma'
[31m[1m>[0m [90m1 |[0m [36mimport[0m { [33mPrismaClient[0m } [36mfrom[0m [32m"@/lib/generated/prisma"[0m;
  [90m  |[0m [31m[1m^^^^^^^^^^^^^^^^^^^^^^^^^^^^^^^^^^^^^^^^^^^^^^^^^^^^^^[0m
  [90m2 |[0m
  [90m3 |[0m [36mconst[0m globalForPrisma = globalThis [36mas[0m unknown [36mas[0m {
  [90m4 |[0m   prisma: [33mPrismaClient[0m | [36mundefined[0m;

Import map: aliased to relative './lib/generated/prisma' inside of [project]/


Import trace:
  App Route:
    ./lib/db.ts
    ./app/api/peminjaman-logistik/route.ts

https://nextjs.org/docs/messages/module-not-found


    at <unknown> (./lib/db.ts:1:1)
    at <unknown> (https://nextjs.org/docs/messages/module-not-found)
